<?xml version="1.0" encoding="UTF-8"?>
<!-- Generated by org.testng.reporters.JUnitXMLReporter -->
<testsuite ignored="2" hostname="DESKTOP-COU5KHA" failures="0" tests="1" name="Test" time="20.799" errors="0" timestamp="2023-02-15T10:08:46 IST">
  <testcase classname="com.htmPorject.testClass.TC_001_LoginTest" name="loginVerify" time="8.031"/>
  <testcase classname="com.hrmProject.pageObjectClass.BaseClass" name="@AfterSuite endReport" time="0.0">
    <ignored/>
  </testcase> <!-- @AfterSuite endReport -->
  <testcase classname="com.hrmProject.pageObjectClass.BaseClass" name="@BeforeSuite setReport" time="0.0">
    <ignored/>
  </testcase> <!-- @BeforeSuite setReport -->
</testsuite> <!-- Test -->
