<?xml version="1.0" encoding="UTF-8"?>
<testng-results ignored="2" total="3" passed="1" failed="0" skipped="0">
  <reporter-output>
  </reporter-output>
  <suite started-at="2023-02-15T10:08:25 IST" name="Suite" finished-at="2023-02-15T10:08:46 IST" duration-ms="20799">
    <groups>
    </groups>
    <test started-at="2023-02-15T10:08:25 IST" name="Test" finished-at="2023-02-15T10:08:46 IST" duration-ms="20799">
      <class name="com.htmPorject.testClass.TC_001_LoginTest">
        <test-method is-config="true" signature="setReport()[pri:0, instance:com.htmPorject.testClass.TC_001_LoginTest@47af7f3d]" started-at="2023-02-15T10:08:25 IST" name="setReport" finished-at="2023-02-15T10:08:25 IST" duration-ms="604" status="PASS">
          <reporter-output>
          </reporter-output>
        </test-method> <!-- setReport -->
        <test-method is-config="true" signature="setUp(java.lang.String)[pri:0, instance:com.htmPorject.testClass.TC_001_LoginTest@47af7f3d]" started-at="2023-02-15T10:08:25 IST" name="setUp" finished-at="2023-02-15T10:08:37 IST" duration-ms="12210" status="PASS">
          <params>
            <param index="0">
              <value>
                <![CDATA[chrome]]>
              </value>
            </param>
          </params>
          <reporter-output>
          </reporter-output>
        </test-method> <!-- setUp -->
        <test-method signature="loginVerify()[pri:0, instance:com.htmPorject.testClass.TC_001_LoginTest@47af7f3d]" started-at="2023-02-15T10:08:37 IST" name="loginVerify" finished-at="2023-02-15T10:08:46 IST" duration-ms="8031" status="PASS">
          <reporter-output>
          </reporter-output>
        </test-method> <!-- loginVerify -->
        <test-method is-config="true" signature="closeBrowser()[pri:0, instance:com.htmPorject.testClass.TC_001_LoginTest@47af7f3d]" started-at="2023-02-15T10:08:46 IST" name="closeBrowser" finished-at="2023-02-15T10:08:46 IST" duration-ms="463" status="PASS">
          <reporter-output>
          </reporter-output>
        </test-method> <!-- closeBrowser -->
        <test-method is-config="true" signature="endReport()[pri:0, instance:com.htmPorject.testClass.TC_001_LoginTest@47af7f3d]" started-at="2023-02-15T10:08:46 IST" name="endReport" finished-at="2023-02-15T10:08:47 IST" duration-ms="676" status="PASS">
          <reporter-output>
          </reporter-output>
        </test-method> <!-- endReport -->
      </class> <!-- com.htmPorject.testClass.TC_001_LoginTest -->
    </test> <!-- Test -->
  </suite> <!-- Suite -->
</testng-results>
